\BOOKMARK [1][-]{section.1}{\376\377\000O\000b\000j\000e\000c\000t\000i\000v\000e}{}% 1
\BOOKMARK [1][-]{section.2}{\376\377\000C\000o\000m\000p\000o\000n\000e\000n\000t\000s\000\040\000R\000e\000q\000u\000i\000r\000e\000d}{}% 2
\BOOKMARK [1][-]{section.3}{\376\377\000C\000i\000r\000c\000u\000i\000t\000\040\000n\000e\000t\000w\000o\000r\000k\000\040\000C\000o\000n\000n\000e\000c\000t\000i\000o\000n\000s}{}% 3
\BOOKMARK [2][-]{subsection.3.1}{\376\377\000S\000k\000e\000t\000c\000h\000\040\000o\000f\000\040\000t\000h\000e\000\040\000C\000o\000r\000e\000-\000c\000o\000u\000n\000t\000i\000n\000g\000\040\000c\000i\000r\000c\000u\000i\000t}{section.3}% 4
\BOOKMARK [2][-]{subsection.3.2}{\376\377\000I\000n\000c\000r\000e\000m\000e\000n\000t\000i\000n\000g\000/\000D\000e\000c\000r\000e\000m\000e\000n\000t\000i\000n\000g\000\040\000c\000i\000r\000c\000u\000i\000t\000\040\000a\000n\000d\000\040\000c\000l\000o\000c\000k\000-\000p\000u\000l\000s\000e\000\040\000g\000e\000n\000e\000r\000a\000t\000i\000n\000g\000\040\000c\000i\000r\000c\000u\000i\000t}{section.3}% 5
\BOOKMARK [2][-]{subsection.3.3}{\376\377\000J\000K\000\040\000f\000l\000i\000p\000-\000f\000l\000o\000p\000\040\000c\000o\000n\000n\000e\000c\000t\000i\000o\000n\000s\000\040\000f\000o\000r\000\040\000u\000n\000i\000t\000s\000\040\000d\000i\000g\000i\000t}{section.3}% 6
\BOOKMARK [3][-]{subsubsection.3.3.1}{\376\377\0001\000s\000t\000\040\000I\000C\000\040\0007\0004\0007\0006\000\050\000f\000o\000r\000\040\000b\000i\000t\000s\000\040\000Q\0000\000\040\000a\000n\000d\000\040\000Q\0001\000\051}{subsection.3.3}% 7
\BOOKMARK [3][-]{subsubsection.3.3.2}{\376\377\0002\000n\000d\000\040\000I\000C\000\040\0007\0004\0007\0006\000\050\000f\000o\000r\000\040\000b\000i\000t\000s\000\040\000Q\0002\000\040\000a\000n\000d\000\040\000Q\0003\000\051}{subsection.3.3}% 8
\BOOKMARK [2][-]{subsection.3.4}{\376\377\000J\000K\000\040\000f\000l\000i\000p\000-\000f\000l\000o\000p\000\040\000c\000o\000n\000n\000e\000c\000t\000i\000o\000n\000s\000\040\000f\000o\000r\000\040\000t\000e\000n\000s\000\040\000d\000i\000g\000i\000t}{section.3}% 9
\BOOKMARK [3][-]{subsubsection.3.4.1}{\376\377\0001\000s\000t\000\040\000I\000C\000\040\0007\0004\0007\0006\000\050\000f\000o\000r\000\040\000b\000i\000t\000s\000\040\000Q\0000\000\040\000a\000n\000d\000\040\000Q\0001\000\051}{subsection.3.4}% 10
\BOOKMARK [3][-]{subsubsection.3.4.2}{\376\377\0002\000n\000d\000\040\000I\000C\000\040\0007\0004\0007\0006\000\050\000f\000o\000r\000\040\000b\000i\000t\000s\000\040\000Q\0002\000\040\000a\000n\000d\000\040\000Q\0003\000\051}{subsection.3.4}% 11
\BOOKMARK [2][-]{subsection.3.5}{\376\377\000F\000l\000i\000p\000\040\000F\000l\000o\000p\000s\000\040\000t\000o\000\040\000D\000e\000c\000o\000d\000e\000r}{section.3}% 12
\BOOKMARK [2][-]{subsection.3.6}{\376\377\000D\000e\000c\000o\000d\000e\000r\000\040\000t\000o\000\040\000s\000e\000v\000e\000n\000-\000s\000e\000g\000m\000e\000n\000t\000\040\000d\000i\000s\000p\000l\000a\000y}{section.3}% 13
\BOOKMARK [1][-]{section.4}{\376\377\000L\000o\000g\000i\000c}{}% 14
\BOOKMARK [2][-]{subsection.4.1}{\376\377\000E\000x\000c\000i\000t\000a\000t\000i\000o\000n\000\040\000T\000a\000b\000l\000e\000\040\000f\000o\000r\000\040\000J\000K\000\040\000F\000l\000i\000p\000-\000F\000l\000o\000p}{section.4}% 15
\BOOKMARK [2][-]{subsection.4.2}{\376\377\000E\000x\000c\000i\000t\000a\000t\000i\000o\000n\000\040\000T\000a\000b\000l\000e\000\040\000f\000o\000r\000\040\000T\000\040\000F\000l\000i\000p\000-\000F\000l\000o\000p}{section.4}% 16
\BOOKMARK [2][-]{subsection.4.3}{\376\377\000T\000r\000u\000t\000h\000\040\000T\000a\000b\000l\000e\000\040\000f\000o\000r\000\040\000i\000n\000c\000r\000e\000m\000e\000n\000t\000i\000n\000g\000\040\000l\000o\000g\000i\000c}{section.4}% 17
\BOOKMARK [2][-]{subsection.4.4}{\376\377\000K\000-\000m\000a\000p\000s\000\040\000f\000o\000r\000\040\000J\000\040\000a\000n\000d\000\040\000K\000\040\000o\000f\000\040\000e\000a\000c\000h\000\040\000f\000l\000i\000p\000-\000f\000l\000o\000p\000\050\000I\000n\000c\000r\000e\000m\000e\000n\000t\000a\000t\000i\000o\000n\000\051}{section.4}% 18
\BOOKMARK [2][-]{subsection.4.5}{\376\377\000T\000r\000u\000t\000h\000\040\000t\000a\000b\000l\000e\000\040\000f\000o\000r\000\040\000D\000e\000c\000r\000e\000m\000e\000n\000t\000i\000n\000g\000\040\000L\000o\000g\000i\000c}{section.4}% 19
\BOOKMARK [2][-]{subsection.4.6}{\376\377\000K\000-\000m\000a\000p\000s\000\040\000f\000o\000r\000\040\000J\000\040\000a\000n\000d\000\040\000K\000\040\000o\000f\000\040\000e\000a\000c\000h\000\040\000f\000l\000i\000p\000f\000l\000o\000p\000\050\000D\000e\000c\000r\000e\000m\000e\000n\000t\000a\000t\000i\000o\000n\000\051}{section.4}% 20
\BOOKMARK [1][-]{section.5}{\376\377\000W\000o\000r\000k\000i\000n\000g\000\040\000P\000r\000i\000n\000c\000i\000p\000l\000e\000\040\000o\000f\000\040\000c\000i\000r\000c\000u\000i\000t}{}% 21
\BOOKMARK [2][-]{subsubsection.5.0.1}{\376\377\000W\000o\000r\000k\000i\000n\000g\000\040\000o\000f\000\040\000D\000I\000R}{section.5}% 22
\BOOKMARK [2][-]{subsection.5.1}{\376\377\000I\000m\000p\000l\000e\000m\000e\000n\000t\000a\000t\000i\000o\000n\000\040\000w\000i\000t\000h\000\040\000P\000u\000s\000h\000\040\000B\000u\000t\000t\000o\000n\000s}{section.5}% 23
\BOOKMARK [3][-]{subsubsection.5.1.1}{\376\377\000T\000w\000o\000-\000B\000u\000t\000t\000o\000n\000\040\000C\000o\000n\000f\000i\000g\000u\000r\000a\000t\000i\000o\000n}{subsection.5.1}% 24
\BOOKMARK [3][-]{subsubsection.5.1.2}{\376\377\000S\000i\000n\000g\000l\000e\000-\000B\000u\000t\000t\000o\000n\000\040\000T\000o\000g\000g\000l\000e\000\040\000C\000o\000n\000f\000i\000g\000u\000r\000a\000t\000i\000o\000n}{subsection.5.1}% 25
\BOOKMARK [3][-]{subsubsection.5.1.3}{\376\377\000R\000o\000l\000e\000\040\000o\000f\000\040\000R\000e\000s\000i\000s\000t\000o\000r\000s}{subsection.5.1}% 26
\BOOKMARK [2][-]{subsection.5.2}{\376\377\000W\000o\000r\000k\000i\000n\000g\000\040\000P\000r\000i\000n\000c\000i\000p\000l\000e\000\040\000o\000f\000\040\000c\000l\000o\000c\000k\000-\000p\000u\000l\000s\000e\000\040\000g\000e\000n\000e\000r\000a\000t\000i\000o\000n\000\040\000c\000i\000r\000c\000u\000i\000t\000\040\000a\000n\000d\000\040\000D\000I\000R}{section.5}% 27
\BOOKMARK [3][-]{subsubsection.5.2.1}{\376\377\000W\000o\000r\000k\000i\000n\000g\000\040\000o\000f\000\040\000c\000l\000o\000c\000k\000\040\000p\000u\000l\000s\000e\000\040\000f\000o\000r\000\040\000u\000n\000i\000t\000s\000\040\000a\000n\000d\000\040\000t\000e\000n\000s\000\040\000d\000i\000g\000i\000t}{subsection.5.2}% 28
\BOOKMARK [3][-]{subsubsection.5.2.2}{\376\377\000L\000o\000g\000i\000c\000\040\000b\000e\000h\000i\000n\000d\000\040\000t\000h\000e\000\040\000C\000L\000O\000C\000K\000\040\000o\000f\000\040\000t\000e\000n\000s\000\040\000d\000i\000g\000i\000t}{subsection.5.2}% 29
\BOOKMARK [2][-]{subsection.5.3}{\376\377\000T\000-\000F\000l\000i\000p\000-\000f\000l\000o\000p\000\040\000s\000u\000b\000\040\000c\000i\000r\000c\000u\000i\000t\000\040\000a\000n\000d\000\040\000D\000e\000c\000o\000d\000e\000r\000\040\000a\000n\000d\000\040\0007\000-\000s\000e\000g\000m\000e\000n\000t\000\040\000s\000e\000t\000u\000p}{section.5}% 30
\BOOKMARK [3][-]{subsubsection.5.3.1}{\376\377\000T\000-\000F\000l\000i\000p\000-\000f\000l\000o\000p\000\040\000s\000u\000b\000\040\000c\000i\000r\000c\000u\000i\000t\000\040\000f\000o\000r\000\040\000u\000n\000i\000t\000s\000\040\000d\000i\000g\000i\000t}{subsection.5.3}% 31
\BOOKMARK [3][-]{subsubsection.5.3.2}{\376\377\000T\000-\000F\000l\000i\000p\000-\000f\000l\000o\000p\000\040\000s\000u\000b\000\040\000c\000i\000r\000c\000u\000i\000t\000\040\000f\000o\000r\000\040\000t\000e\000n\000s\000\040\000d\000i\000g\000i\000t}{subsection.5.3}% 32
\BOOKMARK [3][-]{subsubsection.5.3.3}{\376\377\000D\000e\000c\000o\000d\000e\000r\000\040\000a\000n\000d\000\040\0007\000-\000s\000e\000g\000m\000e\000n\000t\000\040\000d\000i\000s\000p\000l\000a\000y}{subsection.5.3}% 33
\BOOKMARK [1][-]{section.6}{\376\377\000C\000o\000n\000c\000l\000u\000s\000i\000o\000n}{}% 34
